mode: set
github.com/Jitesh117/dataStructuresGO/linkedList/list.go:15.34,17.2 1 1
github.com/Jitesh117/dataStructuresGO/linkedList/list.go:19.45,21.20 2 1
github.com/Jitesh117/dataStructuresGO/linkedList/list.go:21.20,23.3 1 1
github.com/Jitesh117/dataStructuresGO/linkedList/list.go:23.8,25.27 2 1
github.com/Jitesh117/dataStructuresGO/linkedList/list.go:25.27,27.4 1 1
github.com/Jitesh117/dataStructuresGO/linkedList/list.go:28.3,28.25 1 1
github.com/Jitesh117/dataStructuresGO/linkedList/list.go:30.2,30.11 1 1
github.com/Jitesh117/dataStructuresGO/linkedList/list.go:33.51,37.2 3 1
github.com/Jitesh117/dataStructuresGO/linkedList/list.go:39.46,40.20 1 1
github.com/Jitesh117/dataStructuresGO/linkedList/list.go:40.20,42.3 1 0
github.com/Jitesh117/dataStructuresGO/linkedList/list.go:44.2,44.26 1 1
github.com/Jitesh117/dataStructuresGO/linkedList/list.go:44.26,48.3 3 1
github.com/Jitesh117/dataStructuresGO/linkedList/list.go:50.2,51.55 2 1
github.com/Jitesh117/dataStructuresGO/linkedList/list.go:51.55,53.3 1 1
github.com/Jitesh117/dataStructuresGO/linkedList/list.go:55.2,55.25 1 1
github.com/Jitesh117/dataStructuresGO/linkedList/list.go:55.25,57.3 1 1
github.com/Jitesh117/dataStructuresGO/linkedList/list.go:59.2,61.12 3 1
github.com/Jitesh117/dataStructuresGO/linkedList/list.go:64.39,67.21 3 1
github.com/Jitesh117/dataStructuresGO/linkedList/list.go:67.21,70.3 2 1
github.com/Jitesh117/dataStructuresGO/linkedList/list.go:71.2,71.15 1 1
github.com/Jitesh117/dataStructuresGO/queue/queue.go:9.24,11.2 1 1
github.com/Jitesh117/dataStructuresGO/queue/queue.go:13.32,15.2 1 1
github.com/Jitesh117/dataStructuresGO/queue/queue.go:17.32,19.2 1 1
github.com/Jitesh117/dataStructuresGO/queue/queue.go:21.28,23.2 1 1
github.com/Jitesh117/dataStructuresGO/queue/queue.go:25.38,26.19 1 1
github.com/Jitesh117/dataStructuresGO/queue/queue.go:26.19,28.3 1 1
github.com/Jitesh117/dataStructuresGO/queue/queue.go:30.2,30.24 1 1
github.com/Jitesh117/dataStructuresGO/queue/queue.go:33.36,34.19 1 1
github.com/Jitesh117/dataStructuresGO/queue/queue.go:34.19,36.3 1 1
github.com/Jitesh117/dataStructuresGO/queue/queue.go:37.2,39.20 3 1
github.com/Jitesh117/dataStructuresGO/queue/queue.go:42.25,44.2 1 1
github.com/Jitesh117/dataStructuresGO/binaryTree/tree.go:9.41,10.22 1 1
github.com/Jitesh117/dataStructuresGO/binaryTree/tree.go:10.22,11.23 1 1
github.com/Jitesh117/dataStructuresGO/binaryTree/tree.go:11.23,13.4 1 1
github.com/Jitesh117/dataStructuresGO/binaryTree/tree.go:13.9,15.4 1 1
github.com/Jitesh117/dataStructuresGO/binaryTree/tree.go:16.8,17.24 1 1
github.com/Jitesh117/dataStructuresGO/binaryTree/tree.go:17.24,19.4 1 1
github.com/Jitesh117/dataStructuresGO/binaryTree/tree.go:19.9,21.4 1 1
github.com/Jitesh117/dataStructuresGO/binaryTree/tree.go:25.51,26.17 1 1
github.com/Jitesh117/dataStructuresGO/binaryTree/tree.go:26.17,28.3 1 1
github.com/Jitesh117/dataStructuresGO/binaryTree/tree.go:30.2,30.23 1 1
github.com/Jitesh117/dataStructuresGO/binaryTree/tree.go:30.23,32.3 1 1
github.com/Jitesh117/dataStructuresGO/binaryTree/tree.go:32.8,32.29 1 1
github.com/Jitesh117/dataStructuresGO/binaryTree/tree.go:32.29,34.3 1 1
github.com/Jitesh117/dataStructuresGO/binaryTree/tree.go:34.8,36.3 1 1
github.com/Jitesh117/dataStructuresGO/binaryTree/tree.go:39.39,40.22 1 1
github.com/Jitesh117/dataStructuresGO/binaryTree/tree.go:40.22,42.3 1 1
github.com/Jitesh117/dataStructuresGO/binaryTree/tree.go:43.2,43.24 1 1
github.com/Jitesh117/dataStructuresGO/binaryTree/tree.go:46.39,47.23 1 1
github.com/Jitesh117/dataStructuresGO/binaryTree/tree.go:47.23,49.3 1 1
github.com/Jitesh117/dataStructuresGO/binaryTree/tree.go:50.2,50.25 1 1
github.com/Jitesh117/dataStructuresGO/binaryTree/tree.go:53.51,54.17 1 1
github.com/Jitesh117/dataStructuresGO/binaryTree/tree.go:54.17,56.3 1 0
github.com/Jitesh117/dataStructuresGO/binaryTree/tree.go:58.2,58.22 1 1
github.com/Jitesh117/dataStructuresGO/binaryTree/tree.go:58.22,60.3 1 1
github.com/Jitesh117/dataStructuresGO/binaryTree/tree.go:60.8,60.29 1 1
github.com/Jitesh117/dataStructuresGO/binaryTree/tree.go:60.29,62.3 1 1
github.com/Jitesh117/dataStructuresGO/binaryTree/tree.go:62.8,64.44 1 1
github.com/Jitesh117/dataStructuresGO/binaryTree/tree.go:64.44,66.4 1 1
github.com/Jitesh117/dataStructuresGO/binaryTree/tree.go:69.3,69.23 1 1
github.com/Jitesh117/dataStructuresGO/binaryTree/tree.go:69.23,71.4 1 0
github.com/Jitesh117/dataStructuresGO/binaryTree/tree.go:71.9,71.31 1 1
github.com/Jitesh117/dataStructuresGO/binaryTree/tree.go:71.31,73.4 1 0
github.com/Jitesh117/dataStructuresGO/binaryTree/tree.go:76.3,78.47 3 1
github.com/Jitesh117/dataStructuresGO/binaryTree/tree.go:80.2,80.13 1 1
github.com/Jitesh117/dataStructuresGO/searching/search.go:3.43,5.25 2 1
github.com/Jitesh117/dataStructuresGO/searching/search.go:5.25,6.20 1 1
github.com/Jitesh117/dataStructuresGO/searching/search.go:6.20,8.4 1 1
github.com/Jitesh117/dataStructuresGO/searching/search.go:10.2,10.11 1 1
github.com/Jitesh117/dataStructuresGO/searching/search.go:13.43,16.18 2 1
github.com/Jitesh117/dataStructuresGO/searching/search.go:16.18,18.22 2 1
github.com/Jitesh117/dataStructuresGO/searching/search.go:18.22,20.4 1 1
github.com/Jitesh117/dataStructuresGO/searching/search.go:20.9,20.28 1 1
github.com/Jitesh117/dataStructuresGO/searching/search.go:20.28,22.4 1 1
github.com/Jitesh117/dataStructuresGO/searching/search.go:22.9,24.4 1 1
github.com/Jitesh117/dataStructuresGO/searching/search.go:26.2,26.11 1 1
github.com/Jitesh117/dataStructuresGO/sorting/sorting.go:3.34,5.27 2 1
github.com/Jitesh117/dataStructuresGO/sorting/sorting.go:5.27,6.30 1 1
github.com/Jitesh117/dataStructuresGO/sorting/sorting.go:6.30,7.25 1 1
github.com/Jitesh117/dataStructuresGO/sorting/sorting.go:7.25,9.5 1 1
github.com/Jitesh117/dataStructuresGO/sorting/sorting.go:12.2,12.12 1 1
github.com/Jitesh117/dataStructuresGO/sorting/sorting.go:15.37,17.25 2 1
github.com/Jitesh117/dataStructuresGO/sorting/sorting.go:17.25,20.30 3 1
github.com/Jitesh117/dataStructuresGO/sorting/sorting.go:20.30,23.4 2 1
github.com/Jitesh117/dataStructuresGO/sorting/sorting.go:24.3,24.17 1 1
github.com/Jitesh117/dataStructuresGO/sorting/sorting.go:26.2,26.12 1 1
github.com/Jitesh117/dataStructuresGO/sorting/sorting.go:29.46,34.12 4 1
github.com/Jitesh117/dataStructuresGO/sorting/sorting.go:34.12,35.38 1 1
github.com/Jitesh117/dataStructuresGO/sorting/sorting.go:35.38,37.4 1 1
github.com/Jitesh117/dataStructuresGO/sorting/sorting.go:39.3,39.36 1 1
github.com/Jitesh117/dataStructuresGO/sorting/sorting.go:39.36,41.4 1 1
github.com/Jitesh117/dataStructuresGO/sorting/sorting.go:43.3,43.12 1 1
github.com/Jitesh117/dataStructuresGO/sorting/sorting.go:43.12,45.4 1 1
github.com/Jitesh117/dataStructuresGO/sorting/sorting.go:48.2,49.10 2 1
github.com/Jitesh117/dataStructuresGO/sorting/sorting.go:52.48,53.16 1 1
github.com/Jitesh117/dataStructuresGO/sorting/sorting.go:53.16,58.3 3 1
github.com/Jitesh117/dataStructuresGO/sorting/sorting.go:61.33,64.2 2 1
github.com/Jitesh117/dataStructuresGO/sorting/sorting.go:66.33,67.19 1 1
github.com/Jitesh117/dataStructuresGO/sorting/sorting.go:67.19,69.3 1 1
github.com/Jitesh117/dataStructuresGO/sorting/sorting.go:70.2,74.27 4 1
github.com/Jitesh117/dataStructuresGO/sorting/sorting.go:77.37,80.38 3 1
github.com/Jitesh117/dataStructuresGO/sorting/sorting.go:80.38,81.26 1 1
github.com/Jitesh117/dataStructuresGO/sorting/sorting.go:81.26,84.4 2 1
github.com/Jitesh117/dataStructuresGO/sorting/sorting.go:84.9,87.4 2 1
github.com/Jitesh117/dataStructuresGO/sorting/sorting.go:90.2,93.15 3 1
github.com/Jitesh117/dataStructuresGO/stack/stack.go:11.24,13.2 1 1
github.com/Jitesh117/dataStructuresGO/stack/stack.go:15.32,19.2 3 1
github.com/Jitesh117/dataStructuresGO/stack/stack.go:21.32,23.2 1 1
github.com/Jitesh117/dataStructuresGO/stack/stack.go:25.36,26.17 1 1
github.com/Jitesh117/dataStructuresGO/stack/stack.go:26.17,28.3 1 1
github.com/Jitesh117/dataStructuresGO/stack/stack.go:30.2,36.16 5 1
github.com/Jitesh117/dataStructuresGO/stack/stack.go:36.16,38.3 1 1
github.com/Jitesh117/dataStructuresGO/stack/stack.go:38.8,40.3 1 1
github.com/Jitesh117/dataStructuresGO/stack/stack.go:42.2,42.19 1 1
github.com/Jitesh117/dataStructuresGO/stack/stack.go:45.37,46.17 1 1
github.com/Jitesh117/dataStructuresGO/stack/stack.go:46.17,48.3 1 1
github.com/Jitesh117/dataStructuresGO/stack/stack.go:49.2,49.19 1 1
